Тест: без ошибок 
Тест: без ошибок 
----Протокол-----4.11.2023 13:24:9----
----Параметры-----
-log: Program.txt.log
-out: Program.txt.out
-in: Program.txt
----Исходные данные-----
Количество символов: 544
Проигнорировано: 0
Количество строк: 34

1 dtfi(ti,ti)
2 {
3 dti;
4 iviv(ivi);
5 ri;
6 };
7 dtfi(ti,ti)
8 {
9 dti;
10 dtfi(ti,ti,
11 ti);
12 ivi(i,l,l)vi;
13 ri;
14 };
15 m
16 {
17 dti;
18 dti;
19 dti;
20 dti;
21 dti;
22 dti;
23 ivl;
24 ivl;
25 ivl;
26 ivl;
27 ivi(i,i);
28 ivi(i,i);
29 pl;
30 pi;
31 pi;
32 pivi;
33 rl;
34 };

fi Первое вхождение в таблице лексем: 3 Тип: 2 Тип данных: 1
x Первое вхождение в таблице лексем: 6 Тип: 3 Тип данных: 1
y Первое вхождение в таблице лексем: 9 Тип: 3 Тип данных: 1
z Первое вхождение в таблице лексем: 14 Тип: 1 Тип данных: 1
fs Первое вхождение в таблице лексем: 34 Тип: 2 Тип данных: 2
a Первое вхождение в таблице лексем: 37 Тип: 3 Тип данных: 2
b Первое вхождение в таблице лексем: 40 Тип: 3 Тип данных: 2
c Первое вхождение в таблице лексем: 45 Тип: 1 Тип данных: 2
subst Первое вхождение в таблице лексем: 50 Тип: 2 Тип данных: 2
p Первое вхождение в таблице лексем: 56 Тип: 3 Тип данных: 1
n Первое вхождение в таблице лексем: 59 Тип: 3 Тип данных: 1
subst Первое вхождение в таблице лексем: 64 Тип: 3 Тип данных: 1
sa Первое вхождение в таблице лексем: 96 Тип: 1 Тип данных: 2
sb Первое вхождение в таблице лексем: 100 Тип: 1 Тип данных: 2
sc Первое вхождение в таблице лексем: 104 Тип: 1 Тип данных: 2
