Microsoft (R) Macro Assembler Version 14.37.32822.0	    12/08/23 12:51:06
Asm.asm							     Page 1 - 1


				.586
					.model flat, stdcall
					includelib libucrt.lib
					includelib kernel32.lib
					ExitProcess PROTO :DWORD

				.stack 4096
 00000000			.const
 00000000 CF EE EF FB F2	divideOnZeroExeption BYTE "Попытка деления на ноль.", 0  ;STR, для вывода ошибки при делении на ноль
	   EA E0 20 E4 E5
	   EB E5 ED E8 FF
	   20 ED E0 20 ED
	   EE EB FC 2E 00
 00000019 02				Solving$LEX1 BYTE 2 ;UBYTE
 0000001A 0B				main$LEX3 BYTE 11 ;UBYTE
 0000001B 0D				main$LEX4 BYTE 13 ;UBYTE
 0000001C 0F				main$LEX5 BYTE 15 ;UBYTE
 0000001D 00				main$LEX6 BYTE 0 ;UBYTE
 0000001E 03				main$LEX7 BYTE 3 ;UBYTE
 0000001F 48 65 6C 6C 6F		main$LEX8 BYTE "Hello, World!", 0  ;STR
	   2C 20 57 6F 72
	   6C 64 21 00
 0000002D 7F				main$LEX9 BYTE 127 ;UBYTE
 0000002E 80				main$LEX10 BYTE 128 ;UBYTE
 0000002F 01				main$LEX11 BYTE 1 ;BOOL
 00000030 00				main$LEX12 BYTE 0 ;BOOL
 00000031 00				main$LEX13 BYTE 0 ;UBYTE
 00000000			.data
 00000000 00				Solvingi BYTE 0 ;UBYTE
 00000001 00				mainresult BYTE 0 ;UBYTE
 00000002 00000000			mainstr DWORD 0 ;STR
 00000006 00				maina BYTE 0 ;UBYTE
 00000007 00				mainb BYTE 0 ;UBYTE
 00000008 00				mainc BYTE 0 ;UBYTE
 00000009 00				mainbc BYTE 0 ;BOOL
 0000000A 00				mainbd BYTE 0 ;BOOL
 0000000B 00				maintest BYTE 0 ;BOOL

 00000000			.code

 00000000			main PROC

				; String #9 :ivllv
				PUSH Solving$LEX1
Asm.asm(38) : error A2070:invalid instruction operands
				PUSH main$LEX3
Asm.asm(39) : error A2070:invalid instruction operands
 00000000  5B			POP ebx
 00000001  58			POP eax
 00000002  23 C3		AND eax, ebx 
 00000004  50			PUSH eax
				POP mainresult
Asm.asm(44) : error A2070:invalid instruction operands
 00000005  6A 00		push 0
 00000007  E8 00000000 E	CALL ExitProcess
 0000000C			main ENDP
				end main
Microsoft (R) Macro Assembler Version 14.37.32822.0	    12/08/23 12:51:06
Asm.asm							     Symbols 2 - 1




Segments and Groups:

                N a m e                 Size     Length   Align   Combine Class

CONST  . . . . . . . . . . . . .	32 Bit	 00000032 Para	  Public  'CONST'	 ReadOnly
FLAT . . . . . . . . . . . . . .	GROUP
STACK  . . . . . . . . . . . . .	32 Bit	 00001000 Para	  Stack	  'STACK'	 
_DATA  . . . . . . . . . . . . .	32 Bit	 0000000C Para	  Public  'DATA'	
_TEXT  . . . . . . . . . . . . .	32 Bit	 0000000C Para	  Public  'CODE'	


Procedures, parameters, and locals:

                N a m e                 Type     Value    Attr

ExitProcess  . . . . . . . . . .	P Near	 00000000 FLAT	Length= 00000000 External STDCALL
main . . . . . . . . . . . . . .	P Near	 00000000 _TEXT	Length= 0000000C Public STDCALL


Symbols:

                N a m e                 Type     Value    Attr

@CodeSize  . . . . . . . . . . .	Number	 00000000h   
@DataSize  . . . . . . . . . . .	Number	 00000000h   
@Interface . . . . . . . . . . .	Number	 00000003h   
@Model . . . . . . . . . . . . .	Number	 00000007h   
@code  . . . . . . . . . . . . .	Text   	 _TEXT
@data  . . . . . . . . . . . . .	Text   	 FLAT
@fardata?  . . . . . . . . . . .	Text   	 FLAT
@fardata . . . . . . . . . . . .	Text   	 FLAT
@stack . . . . . . . . . . . . .	Text   	 FLAT
Solving$LEX1 . . . . . . . . . .	Byte	 00000019 CONST	
Solvingi . . . . . . . . . . . .	Byte	 00000000 _DATA	
divideOnZeroExeption . . . . . .	Byte	 00000000 CONST	
main$LEX10 . . . . . . . . . . .	Byte	 0000002E CONST	
main$LEX11 . . . . . . . . . . .	Byte	 0000002F CONST	
main$LEX12 . . . . . . . . . . .	Byte	 00000030 CONST	
main$LEX13 . . . . . . . . . . .	Byte	 00000031 CONST	
main$LEX3  . . . . . . . . . . .	Byte	 0000001A CONST	
main$LEX4  . . . . . . . . . . .	Byte	 0000001B CONST	
main$LEX5  . . . . . . . . . . .	Byte	 0000001C CONST	
main$LEX6  . . . . . . . . . . .	Byte	 0000001D CONST	
main$LEX7  . . . . . . . . . . .	Byte	 0000001E CONST	
main$LEX8  . . . . . . . . . . .	Byte	 0000001F CONST	
main$LEX9  . . . . . . . . . . .	Byte	 0000002D CONST	
maina  . . . . . . . . . . . . .	Byte	 00000006 _DATA	
mainbc . . . . . . . . . . . . .	Byte	 00000009 _DATA	
mainbd . . . . . . . . . . . . .	Byte	 0000000A _DATA	
mainb  . . . . . . . . . . . . .	Byte	 00000007 _DATA	
mainc  . . . . . . . . . . . . .	Byte	 00000008 _DATA	
mainresult . . . . . . . . . . .	Byte	 00000001 _DATA	
mainstr  . . . . . . . . . . . .	DWord	 00000002 _DATA	
maintest . . . . . . . . . . . .	Byte	 0000000B _DATA	

	   0 Warnings
	   3 Errors
