Microsoft (R) Macro Assembler Version 14.37.32822.0	    11/20/23 01:23:57
asm4.asm						     Page 1 - 1


				.586P
				.MODEL FLAT, STDCALL
				includelib kernel32.lib

				ExitProcess PROTO : DWORD
				MessageBoxA PROTO : DWORD, : DWORD, : DWORD, : DWORD

				.STACK 4096

 00000000			.CONST

 00000000			.DATA

 = 00000000			MB_OK	EQU 0
 00000000 00000000		HW		DD ?
 00000004 01			var1 db 1h
 00000005 00			var2 db 0h
 00000006 61 62 63 64 65	var3 DB "abcdef", 0
	   66 00
 0000000D 67 68 7A 78 63	var4 DB "ghzxc", 0
	   00
 00000000			.CODE

 00000000			main PROC

 00000000			START: 
					INVOKE MessageBoxA, HW, OFFSET var3, OFFSET var4, MB_OK
 00000017  6A FF			push -1
 00000019  E8 00000000 E		call ExitProcess
 0000001E			main ENDP
				end main
Microsoft (R) Macro Assembler Version 14.37.32822.0	    11/20/23 01:23:57
asm4.asm						     Symbols 2 - 1




Segments and Groups:

                N a m e                 Size     Length   Align   Combine Class

CONST  . . . . . . . . . . . . .	32 Bit	 00000000 Para	  Public  'CONST'	 ReadOnly
FLAT . . . . . . . . . . . . . .	GROUP
STACK  . . . . . . . . . . . . .	32 Bit	 00001000 Para	  Stack	  'STACK'	 
_DATA  . . . . . . . . . . . . .	32 Bit	 00000013 Para	  Public  'DATA'	
_TEXT  . . . . . . . . . . . . .	32 Bit	 0000001E Para	  Public  'CODE'	


Procedures, parameters, and locals:

                N a m e                 Type     Value    Attr

ExitProcess  . . . . . . . . . .	P Near	 00000000 FLAT	Length= 00000000 External STDCALL
MessageBoxA  . . . . . . . . . .	P Near	 00000000 FLAT	Length= 00000000 External STDCALL
main . . . . . . . . . . . . . .	P Near	 00000000 _TEXT	Length= 0000001E Public STDCALL
  START  . . . . . . . . . . . .	L Near	 00000000 _TEXT	


Symbols:

                N a m e                 Type     Value    Attr

@CodeSize  . . . . . . . . . . .	Number	 00000000h   
@DataSize  . . . . . . . . . . .	Number	 00000000h   
@Interface . . . . . . . . . . .	Number	 00000003h   
@Model . . . . . . . . . . . . .	Number	 00000007h   
@code  . . . . . . . . . . . . .	Text   	 _TEXT
@data  . . . . . . . . . . . . .	Text   	 FLAT
@fardata?  . . . . . . . . . . .	Text   	 FLAT
@fardata . . . . . . . . . . . .	Text   	 FLAT
@stack . . . . . . . . . . . . .	Text   	 FLAT
HW . . . . . . . . . . . . . . .	DWord	 00000000 _DATA	
MB_OK  . . . . . . . . . . . . .	Number	 00000000h   
var1 . . . . . . . . . . . . . .	Byte	 00000004 _DATA	
var2 . . . . . . . . . . . . . .	Byte	 00000005 _DATA	
var3 . . . . . . . . . . . . . .	Byte	 00000006 _DATA	
var4 . . . . . . . . . . . . . .	Byte	 0000000D _DATA	

	   0 Warnings
	   0 Errors
